# JRE version: Java(TM) SE Runtime Environment (8.0_91-b15) (build 1.8.0_91-b15)
# Java VM: Java HotSpot(TM) 64-Bit Server VM (25.91-b15 mixed mode windows-amd64 compressed oops)
Heap:
 PSYoungGen      total 437248K, used 160068K [0x00000000e0000000, 0x00000000ff580000, 0x0000000100000000)
  eden space 360448K, 38% used [0x00000000e0000000,0x00000000e8859f30,0x00000000f6000000)
  from space 76800K, 26% used [0x00000000faa80000,0x00000000fbe774a0,0x00000000ff580000)
  to   space 76288K, 0% used [0x00000000f6000000,0x00000000f6000000,0x00000000faa80000)
 ParOldGen       total 209920K, used 110638K [0x00000000a0000000, 0x00000000acd00000, 0x00000000e0000000)
  object space 209920K, 52% used [0x00000000a0000000,0x00000000a6c0bb98,0x00000000acd00000)
 Metaspace       used 134321K, capacity 143928K, committed 163456K, reserved 1189888K
  class space    used 17850K, capacity 19613K, committed 22912K, reserved 1048576K
GC Heap History (10 events):
Event: 4005.664 GC heap before
{Heap before GC invocations=44 (full 7):
 PSYoungGen      total 425984K, used 384110K [0x00000000e0000000, 0x00000000ffc00000, 0x0000000100000000)
  eden space 338944K, 100% used [0x00000000e0000000,0x00000000f4b00000,0x00000000f4b00000)
  from space 87040K, 51% used [0x00000000fa700000,0x00000000fd31b9f8,0x00000000ffc00000)
  to   space 90624K, 0% used [0x00000000f4b00000,0x00000000f4b00000,0x00000000fa380000)
 ParOldGen       total 218112K, used 176774K [0x00000000a0000000, 0x00000000ad500000, 0x00000000e0000000)
  object space 218112K, 81% used [0x00000000a0000000,0x00000000aaca1b50,0x00000000ad500000)
 Metaspace       used 152807K, capacity 164206K, committed 164352K, reserved 1191936K
  class space    used 20489K, capacity 22667K, committed 22784K, reserved 1048576K
Event: 4033.587 GC heap after
Heap after GC invocations=44 (full 7):
 PSYoungGen      total 429568K, used 29696K [0x00000000e0000000, 0x00000000ff880000, 0x0000000100000000)
  eden space 338944K, 0% used [0x00000000e0000000,0x00000000e0000000,0x00000000f4b00000)
  from space 90624K, 32% used [0x00000000f4b00000,0x00000000f68002b8,0x00000000fa380000)
  to   space 84992K, 0% used [0x00000000fa580000,0x00000000fa580000,0x00000000ff880000)
 ParOldGen       total 218112K, used 187522K [0x00000000a0000000, 0x00000000ad500000, 0x00000000e0000000)
  object space 218112K, 85% used [0x00000000a0000000,0x00000000ab720978,0x00000000ad500000)
 Metaspace       used 152807K, capacity 164206K, committed 164352K, reserved 1191936K
  class space    used 20489K, capacity 22667K, committed 22784K, reserved 1048576K
}
Event: 4086.768 GC heap before
{Heap before GC invocations=45 (full 7):
 PSYoungGen      total 429568K, used 368640K [0x00000000e0000000, 0x00000000ff880000, 0x0000000100000000)
  eden space 338944K, 100% used [0x00000000e0000000,0x00000000f4b00000,0x00000000f4b00000)
  from space 90624K, 32% used [0x00000000f4b00000,0x00000000f68002b8,0x00000000fa380000)
  to   space 84992K, 0% used [0x00000000fa580000,0x00000000fa580000,0x00000000ff880000)
 ParOldGen       total 218112K, used 187522K [0x00000000a0000000, 0x00000000ad500000, 0x00000000e0000000)
  object space 218112K, 85% used [0x00000000a0000000,0x00000000ab720978,0x00000000ad500000)
 Metaspace       used 153664K, capacity 165234K, committed 165376K, reserved 1191936K
  class space    used 20562K, capacity 22745K, committed 22784K, reserved 1048576K
Event: 4098.411 GC heap after
Heap after GC invocations=45 (full 7):
 PSYoungGen      total 432128K, used 10775K [0x00000000e0000000, 0x00000000ff780000, 0x0000000100000000)
  eden space 348160K, 0% used [0x00000000e0000000,0x00000000e0000000,0x00000000f5400000)
  from space 83968K, 12% used [0x00000000fa580000,0x00000000fb005f18,0x00000000ff780000)
  to   space 83456K, 0% used [0x00000000f5400000,0x00000000f5400000,0x00000000fa580000)
 ParOldGen       total 218112K, used 195776K [0x00000000a0000000, 0x00000000ad500000, 0x00000000e0000000)
  object space 218112K, 89% used [0x00000000a0000000,0x00000000abf30368,0x00000000ad500000)
 Metaspace       used 153664K, capacity 165234K, committed 165376K, reserved 1191936K
  class space    used 20562K, capacity 22745K, committed 22784K, reserved 1048576K
}
Event: 4098.428 GC heap before
{Heap before GC invocations=46 (full 8):
 PSYoungGen      total 432128K, used 10775K [0x00000000e0000000, 0x00000000ff780000, 0x0000000100000000)
  eden space 348160K, 0% used [0x00000000e0000000,0x00000000e0000000,0x00000000f5400000)
  from space 83968K, 12% used [0x00000000fa580000,0x00000000fb005f18,0x00000000ff780000)
  to   space 83456K, 0% used [0x00000000f5400000,0x00000000f5400000,0x00000000fa580000)
 ParOldGen       total 218112K, used 195776K [0x00000000a0000000, 0x00000000ad500000, 0x00000000e0000000)
  object space 218112K, 89% used [0x00000000a0000000,0x00000000abf30368,0x00000000ad500000)
 Metaspace       used 153664K, capacity 165234K, committed 165376K, reserved 1191936K
  class space    used 20562K, capacity 22745K, committed 22784K, reserved 1048576K
Event: 4295.445 GC heap after
Heap after GC invocations=46 (full 8):
 PSYoungGen      total 432128K, used 0K [0x00000000e0000000, 0x00000000ff780000, 0x0000000100000000)
  eden space 348160K, 0% used [0x00000000e0000000,0x00000000e0000000,0x00000000f5400000)
  from space 83968K, 0% used [0x00000000fa580000,0x00000000fa580000,0x00000000ff780000)
  to   space 83456K, 0% used [0x00000000f5400000,0x00000000f5400000,0x00000000fa580000)
 ParOldGen       total 209920K, used 103568K [0x00000000a0000000, 0x00000000acd00000, 0x00000000e0000000)
  object space 209920K, 49% used [0x00000000a0000000,0x00000000a65243e0,0x00000000acd00000)
 Metaspace       used 126094K, capacity 134706K, committed 163328K, reserved 1189888K
  class space    used 16704K, capacity 18289K, committed 22784K, reserved 1048576K
}
Event: 5478.759 GC heap before
{Heap before GC invocations=47 (full 8):
 PSYoungGen      total 432128K, used 348160K [0x00000000e0000000, 0x00000000ff780000, 0x0000000100000000)
  eden space 348160K, 100% used [0x00000000e0000000,0x00000000f5400000,0x00000000f5400000)
  from space 83968K, 0% used [0x00000000fa580000,0x00000000fa580000,0x00000000ff780000)
  to   space 83456K, 0% used [0x00000000f5400000,0x00000000f5400000,0x00000000fa580000)
 ParOldGen       total 209920K, used 103568K [0x00000000a0000000, 0x00000000acd00000, 0x00000000e0000000)
  object space 209920K, 49% used [0x00000000a0000000,0x00000000a65243e0,0x00000000acd00000)
 Metaspace       used 126399K, capacity 135244K, committed 163328K, reserved 1189888K
  class space    used 16734K, capacity 18342K, committed 22784K, reserved 1048576K
Event: 5500.212 GC heap after
Heap after GC invocations=47 (full 8):
 PSYoungGen      total 431616K, used 17980K [0x00000000e0000000, 0x00000000ff880000, 0x0000000100000000)
  eden space 348160K, 0% used [0x00000000e0000000,0x00000000e0000000,0x00000000f5400000)
  from space 83456K, 21% used [0x00000000f5400000,0x00000000f658f300,0x00000000fa580000)
  to   space 79872K, 0% used [0x00000000faa80000,0x00000000faa80000,0x00000000ff880000)
 ParOldGen       total 209920K, used 103576K [0x00000000a0000000, 0x00000000acd00000, 0x00000000e0000000)
  object space 209920K, 49% used [0x00000000a0000000,0x00000000a65263e0,0x00000000acd00000)
 Metaspace       used 126399K, capacity 135244K, committed 163328K, reserved 1189888K
  class space    used 16734K, capacity 18342K, committed 22784K, reserved 1048576K
}
Event: 10697.167 GC heap before
{Heap before GC invocations=48 (full 8):
 PSYoungGen      total 431616K, used 366140K [0x00000000e0000000, 0x00000000ff880000, 0x0000000100000000)
  eden space 348160K, 100% used [0x00000000e0000000,0x00000000f5400000,0x00000000f5400000)
  from space 83456K, 21% used [0x00000000f5400000,0x00000000f658f300,0x00000000fa580000)
  to   space 79872K, 0% used [0x00000000faa80000,0x00000000faa80000,0x00000000ff880000)
 ParOldGen       total 209920K, used 103576K [0x00000000a0000000, 0x00000000acd00000, 0x00000000e0000000)
  object space 209920K, 49% used [0x00000000a0000000,0x00000000a65263e0,0x00000000acd00000)
 Metaspace       used 133667K, capacity 143208K, committed 163456K, reserved 1189888K
  class space    used 17776K, capacity 19545K, committed 22912K, reserved 1048576K
Event: 10778.322 GC heap after
Heap after GC invocations=48 (full 8):
 PSYoungGen      total 437248K, used 20445K [0x00000000e0000000, 0x00000000ff580000, 0x0000000100000000)
  eden space 360448K, 0% used [0x00000000e0000000,0x00000000e0000000,0x00000000f6000000)
  from space 76800K, 26% used [0x00000000faa80000,0x00000000fbe774a0,0x00000000ff580000)
  to   space 76288K, 0% used [0x00000000f6000000,0x00000000f6000000,0x00000000faa80000)
 ParOldGen       total 209920K, used 110638K [0x00000000a0000000, 0x00000000acd00000, 0x00000000e0000000)
  object space 209920K, 52% used [0x00000000a0000000,0x00000000a6c0bb98,0x00000000acd00000)
 Metaspace       used 133667K, capacity 143208K, committed 163456K, reserved 1189888K
  class space    used 17776K, capacity 19545K, committed 22912K, reserved 1048576K
}

