# JRE version: Java(TM) SE Runtime Environment (8.0_91-b15) (build 1.8.0_91-b15)
# Java VM: Java HotSpot(TM) 64-Bit Server VM (25.91-b15 mixed mode windows-amd64 compressed oops)
Heap:
 PSYoungGen      total 325632K, used 292760K [0x00000000e0000000, 0x00000000fef80000, 0x0000000100000000)
  eden space 280064K, 88% used [0x00000000e0000000,0x00000000ef1d7ea0,0x00000000f1180000)
  from space 45568K, 99% used [0x00000000f1180000,0x00000000f3d8e168,0x00000000f3e00000)
  to   space 113664K, 0% used [0x00000000f8080000,0x00000000f8080000,0x00000000fef80000)
 ParOldGen       total 289792K, used 159218K [0x00000000a0000000, 0x00000000b1b00000, 0x00000000e0000000)
  object space 289792K, 54% used [0x00000000a0000000,0x00000000a9b7cb00,0x00000000b1b00000)
 Metaspace       used 210862K, capacity 226684K, committed 246016K, reserved 1259520K
  class space    used 27185K, capacity 30030K, committed 35840K, reserved 1048576K
GC Heap History (10 events):
Event: 16070.611 GC heap before
{Heap before GC invocations=122 (full 15):
 PSYoungGen      total 404992K, used 289709K [0x00000000e0000000, 0x0000000100000000, 0x0000000100000000)
  eden space 287744K, 99% used [0x00000000e0000000,0x00000000f18e09c8,0x00000000f1900000)
  from space 117248K, 1% used [0x00000000f8a80000,0x00000000f8c8add8,0x00000000ffd00000)
  to   space 116224K, 0% used [0x00000000f1900000,0x00000000f1900000,0x00000000f8a80000)
 ParOldGen       total 289792K, used 111110K [0x00000000a0000000, 0x00000000b1b00000, 0x00000000e0000000)
  object space 289792K, 38% used [0x00000000a0000000,0x00000000a6c819a0,0x00000000b1b00000)
 Metaspace       used 196849K, capacity 211578K, committed 246016K, reserved 1259520K
  class space    used 25377K, capacity 28001K, committed 35840K, reserved 1048576K
Event: 16071.621 GC heap after
Heap after GC invocations=122 (full 15):
 PSYoungGen      total 330752K, used 42703K [0x00000000e0000000, 0x00000000ff300000, 0x0000000100000000)
  eden space 287744K, 0% used [0x00000000e0000000,0x00000000e0000000,0x00000000f1900000)
  from space 43008K, 99% used [0x00000000f1900000,0x00000000f42b3fb8,0x00000000f4300000)
  to   space 110080K, 0% used [0x00000000f8780000,0x00000000f8780000,0x00000000ff300000)
 ParOldGen       total 289792K, used 111893K [0x00000000a0000000, 0x00000000b1b00000, 0x00000000e0000000)
  object space 289792K, 38% used [0x00000000a0000000,0x00000000a6d457d8,0x00000000b1b00000)
 Metaspace       used 196849K, capacity 211578K, committed 246016K, reserved 1259520K
  class space    used 25377K, capacity 28001K, committed 35840K, reserved 1048576K
}
Event: 16115.234 GC heap before
{Heap before GC invocations=123 (full 15):
 PSYoungGen      total 330752K, used 330447K [0x00000000e0000000, 0x00000000ff300000, 0x0000000100000000)
  eden space 287744K, 100% used [0x00000000e0000000,0x00000000f1900000,0x00000000f1900000)
  from space 43008K, 99% used [0x00000000f1900000,0x00000000f42b3fb8,0x00000000f4300000)
  to   space 110080K, 0% used [0x00000000f8780000,0x00000000f8780000,0x00000000ff300000)
 ParOldGen       total 289792K, used 111893K [0x00000000a0000000, 0x00000000b1b00000, 0x00000000e0000000)
  object space 289792K, 38% used [0x00000000a0000000,0x00000000a6d457d8,0x00000000b1b00000)
 Metaspace       used 197703K, capacity 212472K, committed 246016K, reserved 1259520K
  class space    used 25482K, capacity 28112K, committed 35840K, reserved 1048576K
Event: 16122.074 GC heap after
Heap after GC invocations=123 (full 15):
 PSYoungGen      total 407040K, used 32864K [0x00000000e0000000, 0x00000000ffe80000, 0x0000000100000000)
  eden space 296960K, 0% used [0x00000000e0000000,0x00000000e0000000,0x00000000f2200000)
  from space 110080K, 29% used [0x00000000f8780000,0x00000000fa798308,0x00000000ff300000)
  to   space 103936K, 0% used [0x00000000f2200000,0x00000000f2200000,0x00000000f8780000)
 ParOldGen       total 289792K, used 111893K [0x00000000a0000000, 0x00000000b1b00000, 0x00000000e0000000)
  object space 289792K, 38% used [0x00000000a0000000,0x00000000a6d457d8,0x00000000b1b00000)
 Metaspace       used 197703K, capacity 212472K, committed 246016K, reserved 1259520K
  class space    used 25482K, capacity 28112K, committed 35840K, reserved 1048576K
}
Event: 16160.915 GC heap before
{Heap before GC invocations=124 (full 15):
 PSYoungGen      total 407040K, used 329824K [0x00000000e0000000, 0x00000000ffe80000, 0x0000000100000000)
  eden space 296960K, 100% used [0x00000000e0000000,0x00000000f2200000,0x00000000f2200000)
  from space 110080K, 29% used [0x00000000f8780000,0x00000000fa798308,0x00000000ff300000)
  to   space 103936K, 0% used [0x00000000f2200000,0x00000000f2200000,0x00000000f8780000)
 ParOldGen       total 289792K, used 111893K [0x00000000a0000000, 0x00000000b1b00000, 0x00000000e0000000)
  object space 289792K, 38% used [0x00000000a0000000,0x00000000a6d457d8,0x00000000b1b00000)
 Metaspace       used 210344K, capacity 226028K, committed 246016K, reserved 1259520K
  class space    used 27141K, capacity 29958K, committed 35840K, reserved 1048576K
Event: 16181.929 GC heap after
Heap after GC invocations=124 (full 15):
 PSYoungGen      total 400896K, used 103907K [0x00000000e0000000, 0x0000000100000000, 0x0000000100000000)
  eden space 296960K, 0% used [0x00000000e0000000,0x00000000e0000000,0x00000000f2200000)
  from space 103936K, 99% used [0x00000000f2200000,0x00000000f8778d58,0x00000000f8780000)
  to   space 123392K, 0% used [0x00000000f8780000,0x00000000f8780000,0x0000000100000000)
 ParOldGen       total 289792K, used 123783K [0x00000000a0000000, 0x00000000b1b00000, 0x00000000e0000000)
  object space 289792K, 42% used [0x00000000a0000000,0x00000000a78e1fa0,0x00000000b1b00000)
 Metaspace       used 210344K, capacity 226028K, committed 246016K, reserved 1259520K
  class space    used 27141K, capacity 29958K, committed 35840K, reserved 1048576K
}
Event: 16195.413 GC heap before
{Heap before GC invocations=125 (full 15):
 PSYoungGen      total 400896K, used 400867K [0x00000000e0000000, 0x0000000100000000, 0x0000000100000000)
  eden space 296960K, 100% used [0x00000000e0000000,0x00000000f2200000,0x00000000f2200000)
  from space 103936K, 99% used [0x00000000f2200000,0x00000000f8778d58,0x00000000f8780000)
  to   space 123392K, 0% used [0x00000000f8780000,0x00000000f8780000,0x0000000100000000)
 ParOldGen       total 289792K, used 123783K [0x00000000a0000000, 0x00000000b1b00000, 0x00000000e0000000)
  object space 289792K, 42% used [0x00000000a0000000,0x00000000a78e1fa0,0x00000000b1b00000)
 Metaspace       used 210438K, capacity 226224K, committed 246016K, reserved 1259520K
  class space    used 27144K, capacity 29958K, committed 35840K, reserved 1048576K
Event: 16200.631 GC heap after
Heap after GC invocations=125 (full 15):
 PSYoungGen      total 403456K, used 30452K [0x00000000e0000000, 0x0000000100000000, 0x0000000100000000)
  eden space 280064K, 0% used [0x00000000e0000000,0x00000000e0000000,0x00000000f1180000)
  from space 123392K, 24% used [0x00000000f8780000,0x00000000fa53d0e0,0x0000000100000000)
  to   space 120832K, 0% used [0x00000000f1180000,0x00000000f1180000,0x00000000f8780000)
 ParOldGen       total 289792K, used 131550K [0x00000000a0000000, 0x00000000b1b00000, 0x00000000e0000000)
  object space 289792K, 45% used [0x00000000a0000000,0x00000000a80778f0,0x00000000b1b00000)
 Metaspace       used 210438K, capacity 226224K, committed 246016K, reserved 1259520K
  class space    used 27144K, capacity 29958K, committed 35840K, reserved 1048576K
}
Event: 18802.343 GC heap before
{Heap before GC invocations=126 (full 15):
 PSYoungGen      total 403456K, used 310516K [0x00000000e0000000, 0x0000000100000000, 0x0000000100000000)
  eden space 280064K, 100% used [0x00000000e0000000,0x00000000f1180000,0x00000000f1180000)
  from space 123392K, 24% used [0x00000000f8780000,0x00000000fa53d0e0,0x0000000100000000)
  to   space 120832K, 0% used [0x00000000f1180000,0x00000000f1180000,0x00000000f8780000)
 ParOldGen       total 289792K, used 131550K [0x00000000a0000000, 0x00000000b1b00000, 0x00000000e0000000)
  object space 289792K, 45% used [0x00000000a0000000,0x00000000a80778f0,0x00000000b1b00000)
 Metaspace       used 210456K, capacity 226224K, committed 246016K, reserved 1259520K
  class space    used 27144K, capacity 29958K, committed 35840K, reserved 1048576K
Event: 18817.786 GC heap after
Heap after GC invocations=126 (full 15):
 PSYoungGen      total 325632K, used 45112K [0x00000000e0000000, 0x00000000fef80000, 0x0000000100000000)
  eden space 280064K, 0% used [0x00000000e0000000,0x00000000e0000000,0x00000000f1180000)
  from space 45568K, 99% used [0x00000000f1180000,0x00000000f3d8e168,0x00000000f3e00000)
  to   space 113664K, 0% used [0x00000000f8080000,0x00000000f8080000,0x00000000fef80000)
 ParOldGen       total 289792K, used 159218K [0x00000000a0000000, 0x00000000b1b00000, 0x00000000e0000000)
  object space 289792K, 54% used [0x00000000a0000000,0x00000000a9b7cb00,0x00000000b1b00000)
 Metaspace       used 210456K, capacity 226224K, committed 246016K, reserved 1259520K
  class space    used 27144K, capacity 29958K, committed 35840K, reserved 1048576K
}

